<?xml version="1.0" encoding="UTF-8"?>
<coverage generated="1683230810480" clover="3.2.0">
  <project timestamp="1683230810480" name="All files">
    <metrics statements="51" coveredstatements="45" conditionals="14" coveredconditionals="10" methods="19" coveredmethods="15" elements="84" coveredelements="70" complexity="0" loc="51" ncloc="51" packages="1" files="3" classes="3"/>
    <file name="car.js" path="/Users/katiebamford/Documents/coursework/week_07/day_3/car_dealership_lab_1/car.js">
      <metrics statements="5" coveredstatements="5" conditionals="0" coveredconditionals="0" methods="1" coveredmethods="1"/>
      <line num="1" count="3" type="stmt"/>
      <line num="2" count="7" type="stmt"/>
      <line num="3" count="7" type="stmt"/>
      <line num="4" count="7" type="stmt"/>
      <line num="7" count="3" type="stmt"/>
    </file>
    <file name="customer.js" path="/Users/katiebamford/Documents/coursework/week_07/day_3/car_dealership_lab_1/customer.js">
      <metrics statements="14" coveredstatements="12" conditionals="6" coveredconditionals="4" methods="2" coveredmethods="2"/>
      <line num="1" count="2" type="stmt"/>
      <line num="3" count="2" type="stmt"/>
      <line num="4" count="2" type="stmt"/>
      <line num="5" count="2" type="stmt"/>
      <line num="6" count="2" type="stmt"/>
      <line num="9" count="2" type="stmt"/>
      <line num="10" count="3" type="cond" truecount="1" falsecount="1"/>
      <line num="11" count="0" type="stmt"/>
      <line num="13" count="3" type="cond" truecount="3" falsecount="1"/>
      <line num="14" count="3" type="stmt"/>
      <line num="15" count="3" type="stmt"/>
      <line num="16" count="3" type="stmt"/>
      <line num="18" count="0" type="stmt"/>
      <line num="22" count="2" type="stmt"/>
    </file>
    <file name="dealer.js" path="/Users/katiebamford/Documents/coursework/week_07/day_3/car_dealership_lab_1/dealer.js">
      <metrics statements="32" coveredstatements="28" conditionals="8" coveredconditionals="6" methods="16" coveredmethods="12"/>
      <line num="1" count="1" type="stmt"/>
      <line num="2" count="1" type="stmt"/>
      <line num="4" count="1" type="stmt"/>
      <line num="5" count="1" type="stmt"/>
      <line num="6" count="1" type="stmt"/>
      <line num="7" count="1" type="stmt"/>
      <line num="13" count="1" type="stmt"/>
      <line num="14" count="11" type="stmt"/>
      <line num="18" count="1" type="stmt"/>
      <line num="19" count="8" type="cond" truecount="2" falsecount="0"/>
      <line num="20" count="5" type="stmt"/>
      <line num="25" count="1" type="stmt"/>
      <line num="26" count="2" type="stmt"/>
      <line num="27" count="1" type="stmt"/>
      <line num="31" count="1" type="stmt"/>
      <line num="32" count="2" type="stmt"/>
      <line num="33" count="1" type="stmt"/>
      <line num="37" count="1" type="stmt"/>
      <line num="38" count="2" type="stmt"/>
      <line num="39" count="1" type="stmt"/>
      <line num="44" count="1" type="stmt"/>
      <line num="45" count="5" type="stmt"/>
      <line num="46" count="3" type="cond" truecount="4" falsecount="0"/>
      <line num="47" count="1" type="stmt"/>
      <line num="48" count="1" type="stmt"/>
      <line num="52" count="1" type="stmt"/>
      <line num="53" count="0" type="cond" truecount="0" falsecount="2"/>
      <line num="54" count="0" type="stmt"/>
      <line num="57" count="1" type="stmt"/>
      <line num="58" count="0" type="stmt"/>
      <line num="59" count="0" type="stmt"/>
      <line num="63" count="1" type="stmt"/>
    </file>
  </project>
</coverage>
