{"/Users/katiebamford/Documents/coursework/week_07/day_3/car_dealership_lab_1/car.js": {"path":"/Users/katiebamford/Documents/coursework/week_07/day_3/car_dealership_lab_1/car.js","statementMap":{"0":{"start":{"line":1,"column":12},"end":{"line":5,"column":1}},"1":{"start":{"line":2,"column":4},"end":{"line":2,"column":37}},"2":{"start":{"line":3,"column":4},"end":{"line":3,"column":23}},"3":{"start":{"line":4,"column":4},"end":{"line":4,"column":33}},"4":{"start":{"line":7,"column":0},"end":{"line":7,"column":21}}},"fnMap":{"0":{"name":"(anonymous_0)","decl":{"start":{"line":1,"column":12},"end":{"line":1,"column":13}},"loc":{"start":{"line":1,"column":54},"end":{"line":5,"column":1}},"line":1}},"branchMap":{},"s":{"0":3,"1":7,"2":7,"3":7,"4":3},"f":{"0":7},"b":{},"_coverageSchema":"1a1c01bbd47fc00a2c39e90264f33305004495a9","hash":"60dfd0e8feb90077770332e6c71ba2e72b7ec0bc"}
,"/Users/katiebamford/Documents/coursework/week_07/day_3/car_dealership_lab_1/customer.js": {"path":"/Users/katiebamford/Documents/coursework/week_07/day_3/car_dealership_lab_1/customer.js","statementMap":{"0":{"start":{"line":7,"column":12},"end":{"line":7,"column":28}},"1":{"start":{"line":9,"column":17},"end":{"line":13,"column":1}},"2":{"start":{"line":10,"column":4},"end":{"line":10,"column":21}},"3":{"start":{"line":11,"column":4},"end":{"line":11,"column":25}},"4":{"start":{"line":12,"column":4},"end":{"line":12,"column":20}},"5":{"start":{"line":21,"column":0},"end":{"line":31,"column":1}},"6":{"start":{"line":22,"column":4},"end":{"line":24,"column":5}},"7":{"start":{"line":23,"column":8},"end":{"line":23,"column":107}},"8":{"start":{"line":25,"column":4},"end":{"line":29,"column":5}},"9":{"start":{"line":26,"column":8},"end":{"line":26,"column":32}},"10":{"start":{"line":27,"column":8},"end":{"line":27,"column":55}},"11":{"start":{"line":28,"column":8},"end":{"line":28,"column":104}},"12":{"start":{"line":30,"column":4},"end":{"line":30,"column":126}},"13":{"start":{"line":34,"column":0},"end":{"line":34,"column":26}}},"fnMap":{"0":{"name":"(anonymous_0)","decl":{"start":{"line":9,"column":17},"end":{"line":9,"column":18}},"loc":{"start":{"line":9,"column":41},"end":{"line":13,"column":1}},"line":9},"1":{"name":"(anonymous_1)","decl":{"start":{"line":21,"column":28},"end":{"line":21,"column":29}},"loc":{"start":{"line":21,"column":52},"end":{"line":31,"column":1}},"line":21}},"branchMap":{"0":{"loc":{"start":{"line":22,"column":4},"end":{"line":24,"column":5}},"type":"if","locations":[{"start":{"line":22,"column":4},"end":{"line":24,"column":5}},{"start":{},"end":{}}],"line":22},"1":{"loc":{"start":{"line":25,"column":4},"end":{"line":29,"column":5}},"type":"if","locations":[{"start":{"line":25,"column":4},"end":{"line":29,"column":5}},{"start":{},"end":{}}],"line":25},"2":{"loc":{"start":{"line":25,"column":8},"end":{"line":25,"column":62}},"type":"binary-expr","locations":[{"start":{"line":25,"column":8},"end":{"line":25,"column":25}},{"start":{"line":25,"column":29},"end":{"line":25,"column":62}}],"line":25}},"s":{"0":2,"1":2,"2":2,"3":2,"4":2,"5":2,"6":5,"7":1,"8":4,"9":3,"10":3,"11":3,"12":1,"13":2},"f":{"0":2,"1":5},"b":{"0":[1,4],"1":[3,1],"2":[4,4]},"_coverageSchema":"1a1c01bbd47fc00a2c39e90264f33305004495a9","hash":"082043b200b16126a3f35ad0dade50bc5eba5754"}
,"/Users/katiebamford/Documents/coursework/week_07/day_3/car_dealership_lab_1/dealer.js": {"path":"/Users/katiebamford/Documents/coursework/week_07/day_3/car_dealership_lab_1/dealer.js","statementMap":{"0":{"start":{"line":1,"column":12},"end":{"line":1,"column":28}},"1":{"start":{"line":2,"column":17},"end":{"line":2,"column":38}},"2":{"start":{"line":4,"column":15},"end":{"line":8,"column":1}},"3":{"start":{"line":5,"column":4},"end":{"line":5,"column":21}},"4":{"start":{"line":6,"column":4},"end":{"line":6,"column":43}},"5":{"start":{"line":7,"column":4},"end":{"line":7,"column":20}},"6":{"start":{"line":16,"column":0},"end":{"line":18,"column":2}},"7":{"start":{"line":17,"column":4},"end":{"line":17,"column":29}},"8":{"start":{"line":22,"column":0},"end":{"line":26,"column":2}},"9":{"start":{"line":23,"column":4},"end":{"line":25,"column":5}},"10":{"start":{"line":24,"column":8},"end":{"line":24,"column":32}},"11":{"start":{"line":29,"column":0},"end":{"line":32,"column":1}},"12":{"start":{"line":30,"column":29},"end":{"line":30,"column":68}},"13":{"start":{"line":30,"column":51},"end":{"line":30,"column":67}},"14":{"start":{"line":31,"column":4},"end":{"line":31,"column":28}},"15":{"start":{"line":35,"column":0},"end":{"line":38,"column":1}},"16":{"start":{"line":36,"column":17},"end":{"line":36,"column":81}},"17":{"start":{"line":36,"column":42},"end":{"line":36,"column":80}},"18":{"start":{"line":37,"column":4},"end":{"line":37,"column":16}},"19":{"start":{"line":41,"column":0},"end":{"line":44,"column":1}},"20":{"start":{"line":42,"column":23},"end":{"line":42,"column":90}},"21":{"start":{"line":42,"column":63},"end":{"line":42,"column":86}},"22":{"start":{"line":43,"column":4},"end":{"line":43,"column":22}},"23":{"start":{"line":54,"column":0},"end":{"line":60,"column":1}},"24":{"start":{"line":55,"column":25},"end":{"line":55,"column":66}},"25":{"start":{"line":55,"column":48},"end":{"line":55,"column":65}},"26":{"start":{"line":56,"column":4},"end":{"line":59,"column":5}},"27":{"start":{"line":57,"column":8},"end":{"line":57,"column":79}},"28":{"start":{"line":57,"column":55},"end":{"line":57,"column":72}},"29":{"start":{"line":58,"column":8},"end":{"line":58,"column":35}},"30":{"start":{"line":64,"column":0},"end":{"line":67,"column":1}},"31":{"start":{"line":65,"column":17},"end":{"line":65,"column":93}},"32":{"start":{"line":65,"column":42},"end":{"line":65,"column":92}},"33":{"start":{"line":66,"column":4},"end":{"line":66,"column":16}},"34":{"start":{"line":69,"column":0},"end":{"line":72,"column":1}},"35":{"start":{"line":70,"column":17},"end":{"line":70,"column":77}},"36":{"start":{"line":70,"column":42},"end":{"line":70,"column":76}},"37":{"start":{"line":71,"column":4},"end":{"line":71,"column":16}},"38":{"start":{"line":75,"column":0},"end":{"line":75,"column":24}}},"fnMap":{"0":{"name":"(anonymous_0)","decl":{"start":{"line":4,"column":15},"end":{"line":4,"column":16}},"loc":{"start":{"line":4,"column":55},"end":{"line":8,"column":1}},"line":4},"1":{"name":"(anonymous_1)","decl":{"start":{"line":16,"column":30},"end":{"line":16,"column":31}},"loc":{"start":{"line":16,"column":41},"end":{"line":18,"column":1}},"line":16},"2":{"name":"(anonymous_2)","decl":{"start":{"line":22,"column":33},"end":{"line":22,"column":34}},"loc":{"start":{"line":22,"column":50},"end":{"line":26,"column":1}},"line":22},"3":{"name":"(anonymous_3)","decl":{"start":{"line":29,"column":45},"end":{"line":29,"column":46}},"loc":{"start":{"line":29,"column":56},"end":{"line":32,"column":1}},"line":29},"4":{"name":"(anonymous_4)","decl":{"start":{"line":30,"column":44},"end":{"line":30,"column":45}},"loc":{"start":{"line":30,"column":51},"end":{"line":30,"column":67}},"line":30},"5":{"name":"(anonymous_5)","decl":{"start":{"line":35,"column":53},"end":{"line":35,"column":54}},"loc":{"start":{"line":35,"column":81},"end":{"line":38,"column":1}},"line":35},"6":{"name":"(anonymous_6)","decl":{"start":{"line":36,"column":35},"end":{"line":36,"column":36}},"loc":{"start":{"line":36,"column":42},"end":{"line":36,"column":80}},"line":36},"7":{"name":"(anonymous_7)","decl":{"start":{"line":41,"column":50},"end":{"line":41,"column":51}},"loc":{"start":{"line":41,"column":61},"end":{"line":44,"column":1}},"line":41},"8":{"name":"(anonymous_8)","decl":{"start":{"line":42,"column":41},"end":{"line":42,"column":42}},"loc":{"start":{"line":42,"column":63},"end":{"line":42,"column":86}},"line":42},"9":{"name":"(anonymous_9)","decl":{"start":{"line":54,"column":27},"end":{"line":54,"column":28}},"loc":{"start":{"line":54,"column":58},"end":{"line":60,"column":1}},"line":54},"10":{"name":"(anonymous_10)","decl":{"start":{"line":55,"column":41},"end":{"line":55,"column":42}},"loc":{"start":{"line":55,"column":48},"end":{"line":55,"column":65}},"line":55},"11":{"name":"(anonymous_11)","decl":{"start":{"line":57,"column":48},"end":{"line":57,"column":49}},"loc":{"start":{"line":57,"column":55},"end":{"line":57,"column":72}},"line":57},"12":{"name":"(anonymous_12)","decl":{"start":{"line":64,"column":43},"end":{"line":64,"column":44}},"loc":{"start":{"line":64,"column":76},"end":{"line":67,"column":1}},"line":64},"13":{"name":"(anonymous_13)","decl":{"start":{"line":65,"column":35},"end":{"line":65,"column":36}},"loc":{"start":{"line":65,"column":42},"end":{"line":65,"column":92}},"line":65},"14":{"name":"(anonymous_14)","decl":{"start":{"line":69,"column":54},"end":{"line":69,"column":55}},"loc":{"start":{"line":69,"column":80},"end":{"line":72,"column":1}},"line":69},"15":{"name":"(anonymous_15)","decl":{"start":{"line":70,"column":35},"end":{"line":70,"column":36}},"loc":{"start":{"line":70,"column":42},"end":{"line":70,"column":76}},"line":70}},"branchMap":{"0":{"loc":{"start":{"line":23,"column":4},"end":{"line":25,"column":5}},"type":"if","locations":[{"start":{"line":23,"column":4},"end":{"line":25,"column":5}},{"start":{},"end":{}}],"line":23},"1":{"loc":{"start":{"line":56,"column":4},"end":{"line":59,"column":5}},"type":"if","locations":[{"start":{"line":56,"column":4},"end":{"line":59,"column":5}},{"start":{},"end":{}}],"line":56},"2":{"loc":{"start":{"line":56,"column":7},"end":{"line":56,"column":96}},"type":"binary-expr","locations":[{"start":{"line":56,"column":7},"end":{"line":56,"column":33}},{"start":{"line":56,"column":37},"end":{"line":56,"column":71}},{"start":{"line":56,"column":75},"end":{"line":56,"column":96}}],"line":56},"3":{"loc":{"start":{"line":65,"column":42},"end":{"line":65,"column":92}},"type":"binary-expr","locations":[{"start":{"line":65,"column":42},"end":{"line":65,"column":65}},{"start":{"line":65,"column":69},"end":{"line":65,"column":92}}],"line":65}},"s":{"0":2,"1":2,"2":2,"3":2,"4":2,"5":2,"6":2,"7":11,"8":2,"9":6,"10":5,"11":2,"12":1,"13":2,"14":1,"15":2,"16":1,"17":2,"18":1,"19":2,"20":1,"21":2,"22":1,"23":2,"24":4,"25":6,"26":4,"27":1,"28":1,"29":1,"30":2,"31":0,"32":0,"33":0,"34":2,"35":0,"36":0,"37":0,"38":2},"f":{"0":2,"1":11,"2":6,"3":1,"4":2,"5":1,"6":2,"7":1,"8":2,"9":4,"10":6,"11":1,"12":0,"13":0,"14":0,"15":0},"b":{"0":[5,1],"1":[1,3],"2":[4,3,1],"3":[0,0]},"_coverageSchema":"1a1c01bbd47fc00a2c39e90264f33305004495a9","hash":"5c1ad3ba5854cdfe79294d9ea185d72d3d07da1a"}
}
