TN:
SF:car.js
FN:1,(anonymous_0)
FNF:1
FNH:1
FNDA:7,(anonymous_0)
DA:1,3
DA:2,7
DA:3,7
DA:4,7
DA:7,3
LF:5
LH:5
BRF:0
BRH:0
end_of_record
TN:
SF:customer.js
FN:9,(anonymous_0)
FN:21,(anonymous_1)
FNF:2
FNH:2
FNDA:2,(anonymous_0)
FNDA:5,(anonymous_1)
DA:7,2
DA:9,2
DA:10,2
DA:11,2
DA:12,2
DA:21,2
DA:22,5
DA:23,1
DA:25,4
DA:26,3
DA:27,3
DA:28,3
DA:30,1
DA:34,2
LF:14
LH:14
BRDA:22,0,0,1
BRDA:22,0,1,4
BRDA:25,1,0,3
BRDA:25,1,1,1
BRDA:25,2,0,4
BRDA:25,2,1,4
BRF:6
BRH:6
end_of_record
TN:
SF:dealer.js
FN:4,(anonymous_0)
FN:16,(anonymous_1)
FN:22,(anonymous_2)
FN:29,(anonymous_3)
FN:30,(anonymous_4)
FN:35,(anonymous_5)
FN:36,(anonymous_6)
FN:41,(anonymous_7)
FN:42,(anonymous_8)
FN:54,(anonymous_9)
FN:55,(anonymous_10)
FN:57,(anonymous_11)
FN:64,(anonymous_12)
FN:65,(anonymous_13)
FN:69,(anonymous_14)
FN:70,(anonymous_15)
FNF:16
FNH:12
FNDA:2,(anonymous_0)
FNDA:10,(anonymous_1)
FNDA:6,(anonymous_2)
FNDA:1,(anonymous_3)
FNDA:2,(anonymous_4)
FNDA:1,(anonymous_5)
FNDA:2,(anonymous_6)
FNDA:1,(anonymous_7)
FNDA:2,(anonymous_8)
FNDA:4,(anonymous_9)
FNDA:6,(anonymous_10)
FNDA:1,(anonymous_11)
FNDA:0,(anonymous_12)
FNDA:0,(anonymous_13)
FNDA:0,(anonymous_14)
FNDA:0,(anonymous_15)
DA:1,2
DA:2,2
DA:4,2
DA:5,2
DA:6,2
DA:7,2
DA:16,2
DA:17,10
DA:22,2
DA:23,6
DA:24,3
DA:29,2
DA:30,2
DA:31,1
DA:35,2
DA:36,2
DA:37,1
DA:41,2
DA:42,2
DA:43,1
DA:54,2
DA:55,6
DA:56,4
DA:57,1
DA:58,1
DA:64,2
DA:65,0
DA:66,0
DA:69,2
DA:70,0
DA:71,0
DA:75,2
LF:32
LH:28
BRDA:23,0,0,3
BRDA:23,0,1,3
BRDA:56,1,0,1
BRDA:56,1,1,3
BRDA:56,2,0,4
BRDA:56,2,1,3
BRDA:56,2,2,1
BRDA:65,3,0,0
BRDA:65,3,1,0
BRF:9
BRH:7
end_of_record
